{"level":"info","message":"Сервер запущен на порту 3001","timestamp":"2024-12-20T01:07:31.911Z"}
{"level":"info","message":"Сервер запущен на порту 3001","timestamp":"2024-12-20T01:08:26.934Z"}
{"level":"info","message":"Сервер запущен на порту 3001","timestamp":"2024-12-20T01:08:52.634Z"}
{"level":"info","message":"Сервер запущен на порту 3001","timestamp":"2024-12-20T01:13:16.164Z"}
{"level":"info","message":"Сервер запущен на порту 3001","timestamp":"2024-12-20T01:13:19.947Z"}
{"level":"info","message":"Сервер запущен на порту 3001","timestamp":"2024-12-20T01:13:25.403Z"}
{"level":"info","message":"Сервер запущен на порту 3001","timestamp":"2024-12-20T01:13:30.924Z"}
{"level":"info","message":"Сервер запущен на порту 3001","timestamp":"2024-12-20T01:13:44.814Z"}
{"level":"info","message":"Сервер запущен на порту 3001","timestamp":"2024-12-20T01:23:02.215Z"}
{"level":"info","message":"Сервер запущен на порту 3001","timestamp":"2024-12-20T01:23:09.754Z"}
{"level":"info","message":"Сервер запущен на порту 3001","timestamp":"2024-12-20T01:23:56.967Z"}
{"body":{"brand":"bss","model":"dss","price":22,"stock":1},"level":"info","message":"Входящий запрос","method":"POST","params":{},"query":{},"timestamp":"2024-12-20T01:26:21.440Z","url":"/api/phones"}
{"duration":"77ms","level":"info","message":"Завершенный запрос","method":"POST","status":201,"timestamp":"2024-12-20T01:26:21.516Z","url":"/api/phones"}
{"level":"info","memoryDelta":{"external":16414,"heapTotal":1048576,"heapUsed":76120},"message":"Метрики производительности","method":"POST","responseTime":"73.07ms","statusCode":201,"timestamp":"2024-12-20T01:26:21.517Z","url":"/api/phones"}
{"duration":"73ms","level":"info","message":"Время выполнения запроса","method":"POST","timestamp":"2024-12-20T01:26:21.517Z","url":"/api/phones"}
{"level":"info","message":"Сервер запущен на порту 3000","timestamp":"2024-12-20T01:26:22.511Z"}
{"level":"info","message":"Сервер запущен на порту 3000","timestamp":"2024-12-20T01:27:52.459Z"}
{"level":"info","message":"Сервер запущен на порту 3000","timestamp":"2024-12-20T01:28:00.091Z"}
{"level":"info","message":"Сервер запущен на порту 3000","timestamp":"2024-12-20T01:29:20.314Z"}
{"level":"info","message":"Сервер запущен на порту 3000","timestamp":"2024-12-20T01:29:21.630Z"}
{"level":"info","message":"Сервер запущен на порту 3000","timestamp":"2024-12-20T01:29:29.385Z"}
{"level":"info","message":"Сервер запущен на порту 3000","timestamp":"2024-12-20T01:29:38.195Z"}
{"level":"info","message":"Сервер запущен на порту 3000","timestamp":"2024-12-20T01:31:48.330Z"}
{"level":"info","message":"Сервер запущен на порту 3000","timestamp":"2024-12-20T01:31:52.628Z"}
{"level":"info","message":"Сервер запущен на порту 3000","timestamp":"2024-12-20T01:32:56.734Z"}
{"level":"info","message":"Сервер запущен на порту 3000","timestamp":"2024-12-20T01:33:04.865Z"}
{"level":"info","message":"Сервер запущен на порту 3000","timestamp":"2024-12-20T01:34:24.727Z"}
{"body":{"brand":"bss","model":"dss","price":22,"stock":1},"level":"info","message":"Входящий запрос","method":"POST","params":{},"query":{},"timestamp":"2024-12-20T01:34:55.896Z","url":"/api/phones"}
{"duration":"67ms","level":"info","message":"Завершенный запрос","method":"POST","status":201,"timestamp":"2024-12-20T01:34:55.963Z","url":"/api/phones"}
{"level":"info","memoryDelta":{"external":22120,"heapTotal":0,"heapUsed":758352},"message":"Метрики производительности","method":"POST","responseTime":"64.14ms","statusCode":201,"timestamp":"2024-12-20T01:34:55.964Z","url":"/api/phones"}
{"duration":"65ms","level":"info","message":"Время выполнения запроса","method":"POST","timestamp":"2024-12-20T01:34:55.965Z","url":"/api/phones"}
{"level":"info","message":"Сервер запущен на порту 3000","timestamp":"2024-12-20T01:40:22.212Z"}
{"level":"info","message":"Сервер запущен на порту 3002","timestamp":"2024-12-20T01:40:27.107Z"}
{"level":"info","message":"Сервер запущен на порту 3000","timestamp":"2024-12-20T01:40:38.233Z"}
{"level":"info","message":"Сервер запущен на порту 3000","timestamp":"2024-12-20T01:41:58.619Z"}
{"body":{"brand":"bss","model":"dss","price":22,"stock":1},"level":"info","message":"Входящий запрос","method":"POST","params":{},"query":{},"timestamp":"2024-12-20T01:42:10.513Z","url":"/api/phones"}
{"duration":"46ms","level":"info","message":"Завершенный запрос","method":"POST","status":201,"timestamp":"2024-12-20T01:42:10.559Z","url":"/api/phones"}
{"level":"info","memoryDelta":{"external":7713,"heapTotal":524288,"heapUsed":-5094680},"message":"Метрики производительности","method":"POST","responseTime":"45.85ms","statusCode":201,"timestamp":"2024-12-20T01:42:10.560Z","url":"/api/phones"}
{"duration":"46ms","level":"info","message":"Время выполнения запроса","method":"POST","timestamp":"2024-12-20T01:42:10.560Z","url":"/api/phones"}
{"body":{"brand":"bss","model":"dss","price":22,"stock":1},"level":"info","message":"Входящий запрос","method":"POST","params":{},"query":{},"timestamp":"2024-12-20T01:42:23.365Z","url":"/api/phones"}
{"duration":"11ms","level":"info","message":"Завершенный запрос","method":"POST","status":201,"timestamp":"2024-12-20T01:42:23.375Z","url":"/api/phones"}
{"level":"info","memoryDelta":{"external":502,"heapTotal":1048576,"heapUsed":-615464},"message":"Метрики производительности","method":"POST","responseTime":"9.95ms","statusCode":201,"timestamp":"2024-12-20T01:42:23.376Z","url":"/api/phones"}
{"duration":"10ms","level":"info","message":"Время выполнения запроса","method":"POST","timestamp":"2024-12-20T01:42:23.376Z","url":"/api/phones"}
{"body":{"brand":"bss","model":"dss","price":22,"stock":1},"level":"info","message":"Входящий запрос","method":"POST","params":{},"query":{},"timestamp":"2024-12-20T01:42:23.878Z","url":"/api/phones"}
{"duration":"7ms","level":"info","message":"Завершенный запрос","method":"POST","status":201,"timestamp":"2024-12-20T01:42:23.885Z","url":"/api/phones"}
{"level":"info","memoryDelta":{"external":4672,"heapTotal":0,"heapUsed":114752},"message":"Метрики производительности","method":"POST","responseTime":"7.55ms","statusCode":201,"timestamp":"2024-12-20T01:42:23.886Z","url":"/api/phones"}
{"duration":"8ms","level":"info","message":"Время выполнения запроса","method":"POST","timestamp":"2024-12-20T01:42:23.886Z","url":"/api/phones"}
{"level":"info","message":"Сервер запущен на порту 3000","timestamp":"2024-12-20T01:43:27.554Z"}
{"level":"info","message":"Сервер запущен на порту 3000","timestamp":"2024-12-20T01:43:38.303Z"}
{"level":"info","message":"Сервер запущен на порту 3000","timestamp":"2024-12-20T01:44:15.777Z"}
{"body":{"brand":"bss","model":"dss","price":22,"stock":1},"level":"info","message":"Входящий запрос","method":"POST","params":{},"query":{},"timestamp":"2024-12-20T01:44:19.156Z","url":"/api/phones"}
{"duration":"40ms","level":"info","message":"Завершенный запрос","method":"POST","status":201,"timestamp":"2024-12-20T01:44:19.196Z","url":"/api/phones"}
{"level":"info","memoryDelta":{"external":23144,"heapTotal":262144,"heapUsed":791224},"message":"Метрики производительности","method":"POST","responseTime":"40.40ms","statusCode":201,"timestamp":"2024-12-20T01:44:19.197Z","url":"/api/phones"}
{"duration":"41ms","level":"info","message":"Время выполнения запроса","method":"POST","timestamp":"2024-12-20T01:44:19.197Z","url":"/api/phones"}
{"level":"info","message":"Сервер запущен на порту 3000","timestamp":"2024-12-20T01:44:45.103Z"}
{"level":"info","message":"Сервер запущен на порту 3000","timestamp":"2024-12-20T01:45:00.698Z"}
{"level":"info","message":"Сервер запущен на порту 3000","timestamp":"2024-12-20T01:45:23.803Z"}
{"body":{"brand":"bss","model":"dss","price":22,"stock":1},"level":"info","message":"Входящий запрос","method":"POST","params":{},"query":{},"timestamp":"2024-12-20T01:45:30.422Z","url":"/api/phones"}
{"duration":"23ms","level":"info","message":"Завершенный запрос","method":"POST","status":201,"timestamp":"2024-12-20T01:45:30.445Z","url":"/api/phones"}
{"level":"info","memoryDelta":{"external":23144,"heapTotal":262144,"heapUsed":793384},"message":"Метрики производительности","method":"POST","responseTime":"23.14ms","statusCode":201,"timestamp":"2024-12-20T01:45:30.446Z","url":"/api/phones"}
{"duration":"24ms","level":"info","message":"Время выполнения запроса","method":"POST","timestamp":"2024-12-20T01:45:30.446Z","url":"/api/phones"}
{"body":{"brand":"bss","model":"dss","price":22,"stock":1},"level":"info","message":"Входящий запрос","method":"POST","params":{},"query":{},"timestamp":"2024-12-20T01:45:39.609Z","url":"/api/phones"}
{"duration":"7ms","level":"info","message":"Завершенный запрос","method":"POST","status":201,"timestamp":"2024-12-20T01:45:39.616Z","url":"/api/phones"}
{"level":"info","memoryDelta":{"external":4672,"heapTotal":0,"heapUsed":177968},"message":"Метрики производительности","method":"POST","responseTime":"7.67ms","statusCode":201,"timestamp":"2024-12-20T01:45:39.617Z","url":"/api/phones"}
{"duration":"8ms","level":"info","message":"Время выполнения запроса","method":"POST","timestamp":"2024-12-20T01:45:39.617Z","url":"/api/phones"}
{"level":"info","message":"Сервер запущен на порту 3000","timestamp":"2024-12-20T01:46:10.567Z"}
{"level":"info","message":"Сервер запущен на порту 3002","timestamp":"2024-12-20T01:46:24.043Z"}
{"level":"info","message":"Сервер запущен на порту 3000","timestamp":"2024-12-20T01:46:34.105Z"}
{"level":"info","message":"Сервер запущен на порту 3000","timestamp":"2024-12-20T01:46:40.350Z"}
{"level":"info","message":"Сервер запущен на порту 3000","timestamp":"2024-12-20T01:47:12.084Z"}
{"body":{"brand":"bss","model":"dss","price":22,"stock":1},"level":"info","message":"Входящий запрос","method":"POST","params":{},"query":{},"timestamp":"2024-12-20T01:47:14.927Z","url":"/api/phones"}
{"duration":"31ms","level":"info","message":"Завершенный запрос","method":"POST","status":201,"timestamp":"2024-12-20T01:47:14.957Z","url":"/api/phones"}
{"level":"info","memoryDelta":{"external":23144,"heapTotal":262144,"heapUsed":800536},"message":"Метрики производительности","method":"POST","responseTime":"30.89ms","statusCode":201,"timestamp":"2024-12-20T01:47:14.958Z","url":"/api/phones"}
{"duration":"31ms","level":"info","message":"Время выполнения запроса","method":"POST","timestamp":"2024-12-20T01:47:14.958Z","url":"/api/phones"}
{"level":"info","message":"Сервер запущен на порту 3000","timestamp":"2024-12-20T01:48:01.988Z"}
{"level":"info","message":"Сервер запущен на порту 3000","timestamp":"2024-12-20T01:48:09.278Z"}
{"level":"info","message":"Сервер запущен на порту 3000","timestamp":"2024-12-20T01:49:10.284Z"}
{"body":{"brand":"bss","model":"dss","price":22,"stock":1},"level":"info","message":"Входящий запрос","method":"POST","params":{},"query":{},"timestamp":"2024-12-20T01:49:13.039Z","url":"/api/phones"}
{"duration":"24ms","level":"info","message":"Завершенный запрос","method":"POST","status":201,"timestamp":"2024-12-20T01:49:13.062Z","url":"/api/phones"}
{"level":"info","memoryDelta":{"external":23144,"heapTotal":262144,"heapUsed":779784},"message":"Метрики производительности","method":"POST","responseTime":"22.69ms","statusCode":201,"timestamp":"2024-12-20T01:49:13.062Z","url":"/api/phones"}
{"duration":"23ms","level":"info","message":"Время выполнения запроса","method":"POST","timestamp":"2024-12-20T01:49:13.062Z","url":"/api/phones"}
{"level":"info","message":"Сервер запущен на порту 3000","timestamp":"2024-12-20T01:50:16.492Z"}
{"level":"info","message":"Сервер запущен на порту 3000","timestamp":"2024-12-20T01:50:42.793Z"}
{"body":{"brand":"bss","model":"dss","price":22,"stock":1},"level":"info","message":"Входящий запрос","method":"POST","params":{},"query":{},"timestamp":"2024-12-20T01:50:49.488Z","url":"/api/phones"}
{"duration":"31ms","level":"info","message":"Завершенный запрос","method":"POST","status":201,"timestamp":"2024-12-20T01:50:49.519Z","url":"/api/phones"}
{"level":"info","memoryDelta":{"external":11690,"heapTotal":262144,"heapUsed":-5535464},"message":"Метрики производительности","method":"POST","responseTime":"30.67ms","statusCode":201,"timestamp":"2024-12-20T01:50:49.519Z","url":"/api/phones"}
{"duration":"30ms","level":"info","message":"Время выполнения запроса","method":"POST","timestamp":"2024-12-20T01:50:49.519Z","url":"/api/phones"}
{"level":"info","message":"Сервер запущен на порту 3000","timestamp":"2024-12-20T01:51:29.622Z"}
{"level":"info","message":"Сервер запущен на порту 3000","timestamp":"2024-12-20T01:51:56.067Z"}
{"body":{"brand":"bss","model":"dss","price":22,"stock":1},"level":"info","message":"Входящий запрос","method":"POST","params":{},"query":{},"timestamp":"2024-12-20T01:52:02.913Z","url":"/api/phones"}
{"duration":"15ms","level":"info","message":"Завершенный запрос","method":"POST","status":201,"timestamp":"2024-12-20T01:52:02.928Z","url":"/api/phones"}
{"level":"info","memoryDelta":{"external":22120,"heapTotal":262144,"heapUsed":720768},"message":"Метрики производительности","method":"POST","responseTime":"15.16ms","statusCode":201,"timestamp":"2024-12-20T01:52:02.929Z","url":"/api/phones"}
{"duration":"15ms","level":"info","message":"Время выполнения запроса","method":"POST","timestamp":"2024-12-20T01:52:02.929Z","url":"/api/phones"}
{"body":{"brand":"bss","model":"dss","price":22,"stock":1},"level":"info","message":"Входящий запрос","method":"POST","params":{},"query":{},"timestamp":"2024-12-20T01:52:44.809Z","url":"/api/phones"}
{"duration":"23ms","level":"info","message":"Завершенный запрос","method":"POST","status":201,"timestamp":"2024-12-20T01:52:44.832Z","url":"/api/phones"}
{"level":"info","memoryDelta":{"external":4672,"heapTotal":0,"heapUsed":195800},"message":"Метрики производительности","method":"POST","responseTime":"22.25ms","statusCode":201,"timestamp":"2024-12-20T01:52:44.833Z","url":"/api/phones"}
{"duration":"23ms","level":"info","message":"Время выполнения запроса","method":"POST","timestamp":"2024-12-20T01:52:44.833Z","url":"/api/phones"}
{"level":"info","message":"Сервер запущен на порту 3000","timestamp":"2024-12-20T01:53:48.420Z"}
{"level":"info","message":"Сервер запущен на порту 3000","timestamp":"2024-12-20T01:54:16.034Z"}
{"level":"info","message":"Сервер запущен на порту 3000","timestamp":"2024-12-20T01:56:26.333Z"}
{"level":"info","message":"Сервер запущен на порту 3000","timestamp":"2024-12-20T01:56:30.428Z"}
{"level":"info","message":"Сервер запущен на порту 3000","timestamp":"2024-12-20T01:56:53.463Z"}
{"level":"info","message":"Сервер запущен на порту 3000","timestamp":"2024-12-20T01:57:20.328Z"}
{"level":"info","message":"Сервер запущен на порту 3000","timestamp":"2024-12-20T01:57:39.604Z"}
{"level":"info","message":"Сервер запущен на порту 3000","timestamp":"2024-12-20T01:58:25.388Z"}
{"level":"info","message":"Сервер запущен на порту 3000","timestamp":"2024-12-20T01:59:24.670Z"}
{"body":{"brand":"bss","model":"dss","price":22,"stock":1},"level":"info","message":"Входящий запрос","method":"POST","params":{},"query":{},"timestamp":"2024-12-20T01:59:30.358Z","url":"/api/phones"}
{"duration":"26ms","level":"info","message":"Завершенный запрос","method":"POST","status":201,"timestamp":"2024-12-20T01:59:30.384Z","url":"/api/phones"}
{"level":"info","memoryDelta":{"external":23144,"heapTotal":0,"heapUsed":764400},"message":"Метрики производительности","method":"POST","responseTime":"25.26ms","statusCode":201,"timestamp":"2024-12-20T01:59:30.384Z","url":"/api/phones"}
{"duration":"25ms","level":"info","message":"Время выполнения запроса","method":"POST","timestamp":"2024-12-20T01:59:30.384Z","url":"/api/phones"}
{"level":"info","message":"Сервер запущен на порту 3000","timestamp":"2024-12-20T02:01:10.287Z"}
{"level":"info","message":"Сервер запущен на порту 3000","timestamp":"2024-12-20T02:01:35.742Z"}
{"level":"info","message":"Сервер запущен на порту 3000","timestamp":"2024-12-20T02:01:39.841Z"}
{"level":"info","message":"Сервер запущен на порту 3000","timestamp":"2024-12-20T02:02:04.387Z"}
{"body":{"brand":"bss","model":"dss","price":22,"stock":1},"level":"info","message":"Входящий запрос","method":"POST","params":{},"query":{},"timestamp":"2024-12-20T02:02:11.812Z","url":"/api/phones"}
{"duration":"43ms","level":"info","message":"Завершенный запрос","method":"POST","status":201,"timestamp":"2024-12-20T02:02:11.854Z","url":"/api/phones"}
{"level":"info","memoryDelta":{"external":23144,"heapTotal":0,"heapUsed":783992},"message":"Метрики производительности","method":"POST","responseTime":"42.23ms","statusCode":201,"timestamp":"2024-12-20T02:02:11.855Z","url":"/api/phones"}
{"duration":"43ms","level":"info","message":"Время выполнения запроса","method":"POST","timestamp":"2024-12-20T02:02:11.855Z","url":"/api/phones"}
{"level":"info","message":"Сервер запущен на порту 3000","timestamp":"2024-12-20T02:02:58.018Z"}
{"level":"info","message":"Сервер запущен на порту 3000","timestamp":"2024-12-20T02:03:16.114Z"}
{"body":{"brand":"bss","model":"dss","price":22,"stock":1},"level":"info","message":"Входящий запрос","method":"POST","params":{},"query":{},"timestamp":"2024-12-20T02:03:19.303Z","url":"/api/phones"}
{"duration":"37ms","level":"info","message":"Завершенный запрос","method":"POST","status":201,"timestamp":"2024-12-20T02:03:19.340Z","url":"/api/phones"}
{"level":"info","memoryDelta":{"external":23144,"heapTotal":0,"heapUsed":772864},"message":"Метрики производительности","method":"POST","responseTime":"37.27ms","statusCode":201,"timestamp":"2024-12-20T02:03:19.340Z","url":"/api/phones"}
{"duration":"38ms","level":"info","message":"Время выполнения запроса","method":"POST","timestamp":"2024-12-20T02:03:19.341Z","url":"/api/phones"}
{"body":{"brand":"bss","model":"dss","price":22,"stock":1},"level":"info","message":"Входящий запрос","method":"POST","params":{},"query":{},"timestamp":"2024-12-20T02:03:19.591Z","url":"/api/phones"}
{"duration":"7ms","level":"info","message":"Завершенный запрос","method":"POST","status":201,"timestamp":"2024-12-20T02:03:19.598Z","url":"/api/phones"}
{"level":"info","memoryDelta":{"external":4672,"heapTotal":0,"heapUsed":185656},"message":"Метрики производительности","method":"POST","responseTime":"7.35ms","statusCode":201,"timestamp":"2024-12-20T02:03:19.599Z","url":"/api/phones"}
{"duration":"8ms","level":"info","message":"Время выполнения запроса","method":"POST","timestamp":"2024-12-20T02:03:19.600Z","url":"/api/phones"}
{"body":{"brand":"bss","model":"dss","price":22,"stock":1},"level":"info","message":"Входящий запрос","method":"POST","params":{},"query":{},"timestamp":"2024-12-20T02:03:21.042Z","url":"/api/phones"}
{"duration":"6ms","level":"info","message":"Завершенный запрос","method":"POST","status":201,"timestamp":"2024-12-20T02:03:21.049Z","url":"/api/phones"}
{"level":"info","memoryDelta":{"external":4672,"heapTotal":0,"heapUsed":178160},"message":"Метрики производительности","method":"POST","responseTime":"7.01ms","statusCode":201,"timestamp":"2024-12-20T02:03:21.049Z","url":"/api/phones"}
{"duration":"7ms","level":"info","message":"Время выполнения запроса","method":"POST","timestamp":"2024-12-20T02:03:21.049Z","url":"/api/phones"}
{"body":{"brand":"bss","model":"dss","price":22,"stock":1},"level":"info","message":"Входящий запрос","method":"POST","params":{},"query":{},"timestamp":"2024-12-20T09:12:55.229Z","url":"/api/phones"}
{"duration":"30ms","level":"info","message":"Завершенный запрос","method":"POST","status":201,"timestamp":"2024-12-20T09:12:55.259Z","url":"/api/phones"}
{"level":"info","memoryDelta":{"external":6328,"heapTotal":0,"heapUsed":181976},"message":"Метрики производительности","method":"POST","responseTime":"26.68ms","statusCode":201,"timestamp":"2024-12-20T09:12:55.259Z","url":"/api/phones"}
{"duration":"26ms","level":"info","message":"Время выполнения запроса","method":"POST","timestamp":"2024-12-20T09:12:55.259Z","url":"/api/phones"}
{"body":{"brand":"bss","model":"dss","price":22,"stock":1},"level":"info","message":"Входящий запрос","method":"POST","params":{},"query":{},"timestamp":"2024-12-20T09:15:00.679Z","url":"/api/phones"}
{"duration":"18ms","level":"info","message":"Завершенный запрос","method":"POST","status":201,"timestamp":"2024-12-20T09:15:00.696Z","url":"/api/phones"}
{"level":"info","memoryDelta":{"external":4672,"heapTotal":0,"heapUsed":123768},"message":"Метрики производительности","method":"POST","responseTime":"15.68ms","statusCode":201,"timestamp":"2024-12-20T09:15:00.697Z","url":"/api/phones"}
{"duration":"16ms","level":"info","message":"Время выполнения запроса","method":"POST","timestamp":"2024-12-20T09:15:00.697Z","url":"/api/phones"}
{"level":"info","message":"Сервер запущен на порту 3000","timestamp":"2024-12-20T09:27:14.894Z"}
{"body":{"brand":"Apple","model":"iPhone 14 pro","price":69900,"stock":1},"level":"info","message":"Входящий запрос","method":"POST","params":{},"query":{},"timestamp":"2024-12-20T09:27:28.298Z","url":"/api/phones"}
{"duration":"30ms","level":"info","message":"Завершенный запрос","method":"POST","status":201,"timestamp":"2024-12-20T09:27:28.328Z","url":"/api/phones"}
{"level":"info","memoryDelta":{"external":-10048,"heapTotal":262144,"heapUsed":-12220928},"message":"Метрики производительности","method":"POST","responseTime":"29.48ms","statusCode":201,"timestamp":"2024-12-20T09:27:28.329Z","url":"/api/phones"}
{"duration":"30ms","level":"info","message":"Время выполнения запроса","method":"POST","timestamp":"2024-12-20T09:27:28.329Z","url":"/api/phones"}
{"body":{"brand":"Apple","model":"iPhone 14 pro","price":69900,"stock":1},"level":"info","message":"Входящий запрос","method":"POST","params":{},"query":{},"timestamp":"2024-12-20T09:29:34.164Z","url":"/api/phones"}
{"duration":"23ms","level":"info","message":"Завершенный запрос","method":"POST","status":201,"timestamp":"2024-12-20T09:29:34.186Z","url":"/api/phones"}
{"level":"info","memoryDelta":{"external":4672,"heapTotal":0,"heapUsed":183728},"message":"Метрики производительности","method":"POST","responseTime":"19.60ms","statusCode":201,"timestamp":"2024-12-20T09:29:34.187Z","url":"/api/phones"}
{"duration":"20ms","level":"info","message":"Время выполнения запроса","method":"POST","timestamp":"2024-12-20T09:29:34.187Z","url":"/api/phones"}
{"body":{"brand":"Apple","model":"iPhone 14 pro","price":69900,"stock":1},"level":"info","message":"Входящий запрос","method":"POST","params":{},"query":{},"timestamp":"2024-12-20T09:29:34.748Z","url":"/api/phones"}
{"duration":"8ms","level":"info","message":"Завершенный запрос","method":"POST","status":201,"timestamp":"2024-12-20T09:29:34.756Z","url":"/api/phones"}
{"level":"info","memoryDelta":{"external":4672,"heapTotal":0,"heapUsed":118112},"message":"Метрики производительности","method":"POST","responseTime":"7.64ms","statusCode":201,"timestamp":"2024-12-20T09:29:34.757Z","url":"/api/phones"}
{"duration":"8ms","level":"info","message":"Время выполнения запроса","method":"POST","timestamp":"2024-12-20T09:29:34.757Z","url":"/api/phones"}
